# JRE version: OpenJDK Runtime Environment Temurin-21.0.8+9 (21.0.8+9) (build 21.0.8+9-LTS)
# Java VM: OpenJDK 64-Bit Server VM Temurin-21.0.8+9 (21.0.8+9-LTS, mixed mode, sharing, tiered, compressed oops, compressed class ptrs, parallel gc, windows-amd64)
GC Precious Log:
 CardTable entry size: 512
 CPUs: 8 total, 8 available
 Memory: 16167M
 Large Page Support: Disabled
 NUMA Support: Disabled
 Compressed Oops: Enabled (32-bit)
 Alignments: Space 512K, Generation 512K, Heap 2M
 Heap Min Capacity: 100M
 Heap Initial Capacity: 100M
 Heap Max Capacity: 2G
 Pre-touch: Disabled
 Parallel Workers: 8
Heap:
 PSYoungGen      total 18432K, used 6675K [0x00000000d5580000, 0x00000000d6b80000, 0x0000000100000000)
  eden space 17408K, 32% used [0x00000000d5580000,0x00000000d5b0b728,0x00000000d6680000)
  from space 1024K, 97% used [0x00000000d6900000,0x00000000d69f9630,0x00000000d6a00000)
  to   space 2560K, 0% used [0x00000000d6680000,0x00000000d6680000,0x00000000d6900000)
 ParOldGen       total 68608K, used 46894K [0x0000000080000000, 0x0000000084300000, 0x00000000d5580000)
  object space 68608K, 68% used [0x0000000080000000,0x0000000082dcb868,0x0000000084300000)
 Metaspace       used 57390K, committed 58688K, reserved 1114112K
  class space    used 6100K, committed 6656K, reserved 1048576K
GC Heap History (20 events):
Event: 74.708 GC heap before
{Heap before GC invocations=39 (full 2):
 PSYoungGen      total 18432K, used 18424K [0x00000000d5580000, 0x00000000d6a80000, 0x0000000100000000)
  eden space 17408K, 100% used [0x00000000d5580000,0x00000000d6680000,0x00000000d6680000)
  from space 1024K, 99% used [0x00000000d6900000,0x00000000d69fe2e0,0x00000000d6a00000)
  to   space 2048K, 0% used [0x00000000d6680000,0x00000000d6680000,0x00000000d6880000)
 ParOldGen       total 68608K, used 38723K [0x0000000080000000, 0x0000000084300000, 0x00000000d5580000)
  object space 68608K, 56% used [0x0000000080000000,0x00000000825d0ee8,0x0000000084300000)
 Metaspace       used 54706K, committed 56000K, reserved 1114112K
  class space    used 5880K, committed 6400K, reserved 1048576K
}
Event: 74.709 GC heap after
{Heap after GC invocations=39 (full 2):
 PSYoungGen      total 18432K, used 790K [0x00000000d5580000, 0x00000000d6980000, 0x0000000100000000)
  eden space 17408K, 0% used [0x00000000d5580000,0x00000000d5580000,0x00000000d6680000)
  from space 1024K, 77% used [0x00000000d6680000,0x00000000d6745a50,0x00000000d6780000)
  to   space 1536K, 0% used [0x00000000d6800000,0x00000000d6800000,0x00000000d6980000)
 ParOldGen       total 68608K, used 39751K [0x0000000080000000, 0x0000000084300000, 0x00000000d5580000)
  object space 68608K, 57% used [0x0000000080000000,0x00000000826d1eb0,0x0000000084300000)
 Metaspace       used 54706K, committed 56000K, reserved 1114112K
  class space    used 5880K, committed 6400K, reserved 1048576K
}
Event: 74.763 GC heap before
{Heap before GC invocations=40 (full 2):
 PSYoungGen      total 18432K, used 18198K [0x00000000d5580000, 0x00000000d6980000, 0x0000000100000000)
  eden space 17408K, 100% used [0x00000000d5580000,0x00000000d6680000,0x00000000d6680000)
  from space 1024K, 77% used [0x00000000d6680000,0x00000000d6745a50,0x00000000d6780000)
  to   space 1536K, 0% used [0x00000000d6800000,0x00000000d6800000,0x00000000d6980000)
 ParOldGen       total 68608K, used 39751K [0x0000000080000000, 0x0000000084300000, 0x00000000d5580000)
  object space 68608K, 57% used [0x0000000080000000,0x00000000826d1eb0,0x0000000084300000)
 Metaspace       used 55272K, committed 56576K, reserved 1114112K
  class space    used 5925K, committed 6464K, reserved 1048576K
}
Event: 74.764 GC heap after
{Heap after GC invocations=40 (full 2):
 PSYoungGen      total 17920K, used 192K [0x00000000d5580000, 0x00000000d6880000, 0x0000000100000000)
  eden space 17408K, 0% used [0x00000000d5580000,0x00000000d5580000,0x00000000d6680000)
  from space 512K, 37% used [0x00000000d6800000,0x00000000d6830000,0x00000000d6880000)
  to   space 512K, 0% used [0x00000000d6780000,0x00000000d6780000,0x00000000d6800000)
 ParOldGen       total 68608K, used 39775K [0x0000000080000000, 0x0000000084300000, 0x00000000d5580000)
  object space 68608K, 57% used [0x0000000080000000,0x00000000826d7eb0,0x0000000084300000)
 Metaspace       used 55272K, committed 56576K, reserved 1114112K
  class space    used 5925K, committed 6464K, reserved 1048576K
}
Event: 74.996 GC heap before
{Heap before GC invocations=41 (full 2):
 PSYoungGen      total 17920K, used 17600K [0x00000000d5580000, 0x00000000d6880000, 0x0000000100000000)
  eden space 17408K, 100% used [0x00000000d5580000,0x00000000d6680000,0x00000000d6680000)
  from space 512K, 37% used [0x00000000d6800000,0x00000000d6830000,0x00000000d6880000)
  to   space 512K, 0% used [0x00000000d6780000,0x00000000d6780000,0x00000000d6800000)
 ParOldGen       total 68608K, used 39775K [0x0000000080000000, 0x0000000084300000, 0x00000000d5580000)
  object space 68608K, 57% used [0x0000000080000000,0x00000000826d7eb0,0x0000000084300000)
 Metaspace       used 56806K, committed 58112K, reserved 1114112K
  class space    used 6064K, committed 6592K, reserved 1048576K
}
Event: 74.998 GC heap after
{Heap after GC invocations=41 (full 2):
 PSYoungGen      total 17920K, used 486K [0x00000000d5580000, 0x00000000d6d80000, 0x0000000100000000)
  eden space 17408K, 0% used [0x00000000d5580000,0x00000000d5580000,0x00000000d6680000)
  from space 512K, 95% used [0x00000000d6780000,0x00000000d67f9b10,0x00000000d6800000)
  to   space 3584K, 0% used [0x00000000d6a00000,0x00000000d6a00000,0x00000000d6d80000)
 ParOldGen       total 68608K, used 42287K [0x0000000080000000, 0x0000000084300000, 0x00000000d5580000)
  object space 68608K, 61% used [0x0000000080000000,0x000000008294bd88,0x0000000084300000)
 Metaspace       used 56806K, committed 58112K, reserved 1114112K
  class space    used 6064K, committed 6592K, reserved 1048576K
}
Event: 75.021 GC heap before
{Heap before GC invocations=42 (full 2):
 PSYoungGen      total 17920K, used 17894K [0x00000000d5580000, 0x00000000d6d80000, 0x0000000100000000)
  eden space 17408K, 100% used [0x00000000d5580000,0x00000000d6680000,0x00000000d6680000)
  from space 512K, 95% used [0x00000000d6780000,0x00000000d67f9b10,0x00000000d6800000)
  to   space 3584K, 0% used [0x00000000d6a00000,0x00000000d6a00000,0x00000000d6d80000)
 ParOldGen       total 68608K, used 42287K [0x0000000080000000, 0x0000000084300000, 0x00000000d5580000)
  object space 68608K, 61% used [0x0000000080000000,0x000000008294bd88,0x0000000084300000)
 Metaspace       used 56895K, committed 58176K, reserved 1114112K
  class space    used 6075K, committed 6592K, reserved 1048576K
}
Event: 75.022 GC heap after
{Heap after GC invocations=42 (full 2):
 PSYoungGen      total 18432K, used 608K [0x00000000d5580000, 0x00000000d6b00000, 0x0000000100000000)
  eden space 17408K, 0% used [0x00000000d5580000,0x00000000d5580000,0x00000000d6680000)
  from space 1024K, 59% used [0x00000000d6a00000,0x00000000d6a98000,0x00000000d6b00000)
  to   space 1536K, 0% used [0x00000000d6800000,0x00000000d6800000,0x00000000d6980000)
 ParOldGen       total 68608K, used 42704K [0x0000000080000000, 0x0000000084300000, 0x00000000d5580000)
  object space 68608K, 62% used [0x0000000080000000,0x00000000829b4350,0x0000000084300000)
 Metaspace       used 56895K, committed 58176K, reserved 1114112K
  class space    used 6075K, committed 6592K, reserved 1048576K
}
Event: 75.042 GC heap before
{Heap before GC invocations=43 (full 2):
 PSYoungGen      total 18432K, used 18016K [0x00000000d5580000, 0x00000000d6b00000, 0x0000000100000000)
  eden space 17408K, 100% used [0x00000000d5580000,0x00000000d6680000,0x00000000d6680000)
  from space 1024K, 59% used [0x00000000d6a00000,0x00000000d6a98000,0x00000000d6b00000)
  to   space 1536K, 0% used [0x00000000d6800000,0x00000000d6800000,0x00000000d6980000)
 ParOldGen       total 68608K, used 42704K [0x0000000080000000, 0x0000000084300000, 0x00000000d5580000)
  object space 68608K, 62% used [0x0000000080000000,0x00000000829b4350,0x0000000084300000)
 Metaspace       used 56895K, committed 58176K, reserved 1114112K
  class space    used 6075K, committed 6592K, reserved 1048576K
}
Event: 75.043 GC heap after
{Heap after GC invocations=43 (full 2):
 PSYoungGen      total 18944K, used 576K [0x00000000d5580000, 0x00000000d6a80000, 0x0000000100000000)
  eden space 17408K, 0% used [0x00000000d5580000,0x00000000d5580000,0x00000000d6680000)
  from space 1536K, 37% used [0x00000000d6800000,0x00000000d6890000,0x00000000d6980000)
  to   space 1024K, 0% used [0x00000000d6980000,0x00000000d6980000,0x00000000d6a80000)
 ParOldGen       total 68608K, used 43144K [0x0000000080000000, 0x0000000084300000, 0x00000000d5580000)
  object space 68608K, 62% used [0x0000000080000000,0x0000000082a22350,0x0000000084300000)
 Metaspace       used 56895K, committed 58176K, reserved 1114112K
  class space    used 6075K, committed 6592K, reserved 1048576K
}
Event: 75.101 GC heap before
{Heap before GC invocations=44 (full 2):
 PSYoungGen      total 18944K, used 17984K [0x00000000d5580000, 0x00000000d6a80000, 0x0000000100000000)
  eden space 17408K, 100% used [0x00000000d5580000,0x00000000d6680000,0x00000000d6680000)
  from space 1536K, 37% used [0x00000000d6800000,0x00000000d6890000,0x00000000d6980000)
  to   space 1024K, 0% used [0x00000000d6980000,0x00000000d6980000,0x00000000d6a80000)
 ParOldGen       total 68608K, used 43144K [0x0000000080000000, 0x0000000084300000, 0x00000000d5580000)
  object space 68608K, 62% used [0x0000000080000000,0x0000000082a22350,0x0000000084300000)
 Metaspace       used 56926K, committed 58176K, reserved 1114112K
  class space    used 6076K, committed 6592K, reserved 1048576K
}
Event: 75.103 GC heap after
{Heap after GC invocations=44 (full 2):
 PSYoungGen      total 18432K, used 544K [0x00000000d5580000, 0x00000000d6a80000, 0x0000000100000000)
  eden space 17408K, 0% used [0x00000000d5580000,0x00000000d5580000,0x00000000d6680000)
  from space 1024K, 53% used [0x00000000d6980000,0x00000000d6a08000,0x00000000d6a80000)
  to   space 1024K, 0% used [0x00000000d6880000,0x00000000d6880000,0x00000000d6980000)
 ParOldGen       total 68608K, used 43600K [0x0000000080000000, 0x0000000084300000, 0x00000000d5580000)
  object space 68608K, 63% used [0x0000000080000000,0x0000000082a94350,0x0000000084300000)
 Metaspace       used 56926K, committed 58176K, reserved 1114112K
  class space    used 6076K, committed 6592K, reserved 1048576K
}
Event: 75.179 GC heap before
{Heap before GC invocations=45 (full 2):
 PSYoungGen      total 18432K, used 17952K [0x00000000d5580000, 0x00000000d6a80000, 0x0000000100000000)
  eden space 17408K, 100% used [0x00000000d5580000,0x00000000d6680000,0x00000000d6680000)
  from space 1024K, 53% used [0x00000000d6980000,0x00000000d6a08000,0x00000000d6a80000)
  to   space 1024K, 0% used [0x00000000d6880000,0x00000000d6880000,0x00000000d6980000)
 ParOldGen       total 68608K, used 43600K [0x0000000080000000, 0x0000000084300000, 0x00000000d5580000)
  object space 68608K, 63% used [0x0000000080000000,0x0000000082a94350,0x0000000084300000)
 Metaspace       used 56926K, committed 58176K, reserved 1114112K
  class space    used 6076K, committed 6592K, reserved 1048576K
}
Event: 75.180 GC heap after
{Heap after GC invocations=45 (full 2):
 PSYoungGen      total 18432K, used 544K [0x00000000d5580000, 0x00000000d6a00000, 0x0000000100000000)
  eden space 17408K, 0% used [0x00000000d5580000,0x00000000d5580000,0x00000000d6680000)
  from space 1024K, 53% used [0x00000000d6880000,0x00000000d6908000,0x00000000d6980000)
  to   space 512K, 0% used [0x00000000d6980000,0x00000000d6980000,0x00000000d6a00000)
 ParOldGen       total 68608K, used 44032K [0x0000000080000000, 0x0000000084300000, 0x00000000d5580000)
  object space 68608K, 64% used [0x0000000080000000,0x0000000082b00360,0x0000000084300000)
 Metaspace       used 56926K, committed 58176K, reserved 1114112K
  class space    used 6076K, committed 6592K, reserved 1048576K
}
Event: 75.248 GC heap before
{Heap before GC invocations=46 (full 2):
 PSYoungGen      total 18432K, used 17952K [0x00000000d5580000, 0x00000000d6a00000, 0x0000000100000000)
  eden space 17408K, 100% used [0x00000000d5580000,0x00000000d6680000,0x00000000d6680000)
  from space 1024K, 53% used [0x00000000d6880000,0x00000000d6908000,0x00000000d6980000)
  to   space 512K, 0% used [0x00000000d6980000,0x00000000d6980000,0x00000000d6a00000)
 ParOldGen       total 68608K, used 44032K [0x0000000080000000, 0x0000000084300000, 0x00000000d5580000)
  object space 68608K, 64% used [0x0000000080000000,0x0000000082b00360,0x0000000084300000)
 Metaspace       used 56933K, committed 58176K, reserved 1114112K
  class space    used 6076K, committed 6592K, reserved 1048576K
}
Event: 75.249 GC heap after
{Heap after GC invocations=46 (full 2):
 PSYoungGen      total 17920K, used 487K [0x00000000d5580000, 0x00000000d6b80000, 0x0000000100000000)
  eden space 17408K, 0% used [0x00000000d5580000,0x00000000d5580000,0x00000000d6680000)
  from space 512K, 95% used [0x00000000d6980000,0x00000000d69f9fe0,0x00000000d6a00000)
  to   space 2560K, 0% used [0x00000000d6680000,0x00000000d6680000,0x00000000d6900000)
 ParOldGen       total 68608K, used 45510K [0x0000000080000000, 0x0000000084300000, 0x00000000d5580000)
  object space 68608K, 66% used [0x0000000080000000,0x0000000082c71840,0x0000000084300000)
 Metaspace       used 56933K, committed 58176K, reserved 1114112K
  class space    used 6076K, committed 6592K, reserved 1048576K
}
Event: 75.268 GC heap before
{Heap before GC invocations=47 (full 2):
 PSYoungGen      total 17920K, used 17895K [0x00000000d5580000, 0x00000000d6b80000, 0x0000000100000000)
  eden space 17408K, 100% used [0x00000000d5580000,0x00000000d6680000,0x00000000d6680000)
  from space 512K, 95% used [0x00000000d6980000,0x00000000d69f9fe0,0x00000000d6a00000)
  to   space 2560K, 0% used [0x00000000d6680000,0x00000000d6680000,0x00000000d6900000)
 ParOldGen       total 68608K, used 45510K [0x0000000080000000, 0x0000000084300000, 0x00000000d5580000)
  object space 68608K, 66% used [0x0000000080000000,0x0000000082c71840,0x0000000084300000)
 Metaspace       used 56933K, committed 58176K, reserved 1114112K
  class space    used 6076K, committed 6592K, reserved 1048576K
}
Event: 75.270 GC heap after
{Heap after GC invocations=47 (full 2):
 PSYoungGen      total 19968K, used 384K [0x00000000d5580000, 0x00000000d6a00000, 0x0000000100000000)
  eden space 17408K, 0% used [0x00000000d5580000,0x00000000d5580000,0x00000000d6680000)
  from space 2560K, 15% used [0x00000000d6680000,0x00000000d66e0000,0x00000000d6900000)
  to   space 1024K, 0% used [0x00000000d6900000,0x00000000d6900000,0x00000000d6a00000)
 ParOldGen       total 68608K, used 46016K [0x0000000080000000, 0x0000000084300000, 0x00000000d5580000)
  object space 68608K, 67% used [0x0000000080000000,0x0000000082cf03e8,0x0000000084300000)
 Metaspace       used 56933K, committed 58176K, reserved 1114112K
  class space    used 6076K, committed 6592K, reserved 1048576K
}
Event: 75.334 GC heap before
{Heap before GC invocations=48 (full 2):
 PSYoungGen      total 19968K, used 17792K [0x00000000d5580000, 0x00000000d6a00000, 0x0000000100000000)
  eden space 17408K, 100% used [0x00000000d5580000,0x00000000d6680000,0x00000000d6680000)
  from space 2560K, 15% used [0x00000000d6680000,0x00000000d66e0000,0x00000000d6900000)
  to   space 1024K, 0% used [0x00000000d6900000,0x00000000d6900000,0x00000000d6a00000)
 ParOldGen       total 68608K, used 46016K [0x0000000080000000, 0x0000000084300000, 0x00000000d5580000)
  object space 68608K, 67% used [0x0000000080000000,0x0000000082cf03e8,0x0000000084300000)
 Metaspace       used 56971K, committed 58240K, reserved 1114112K
  class space    used 6081K, committed 6592K, reserved 1048576K
}
Event: 75.336 GC heap after
{Heap after GC invocations=48 (full 2):
 PSYoungGen      total 18432K, used 997K [0x00000000d5580000, 0x00000000d6b80000, 0x0000000100000000)
  eden space 17408K, 0% used [0x00000000d5580000,0x00000000d5580000,0x00000000d6680000)
  from space 1024K, 97% used [0x00000000d6900000,0x00000000d69f9630,0x00000000d6a00000)
  to   space 2560K, 0% used [0x00000000d6680000,0x00000000d6680000,0x00000000d6900000)
 ParOldGen       total 68608K, used 46894K [0x0000000080000000, 0x0000000084300000, 0x00000000d5580000)
  object space 68608K, 68% used [0x0000000080000000,0x0000000082dcb868,0x0000000084300000)
 Metaspace       used 56971K, committed 58240K, reserved 1114112K
  class space    used 6081K, committed 6592K, reserved 1048576K
}

